<?xml version="1.0" encoding="UTF-8"?>
<testng-results ignored="0" total="4" passed="4" failed="0" skipped="0">
  <reporter-output>
  </reporter-output>
  <suite started-at="2019-09-18T12:12:45 IST" name="Suite" finished-at="2019-09-18T12:13:24 IST" duration-ms="38373">
    <groups>
    </groups>
    <test started-at="2019-09-18T12:12:45 IST" name="Test" finished-at="2019-09-18T12:13:24 IST" duration-ms="38373">
      <class name="com.atmecs.practo.testscripts.RemoveFromCart">
        <test-method is-config="true" signature="setup()[pri:0, instance:com.atmecs.practo.testscripts.RemoveFromCart@17c1bced]" started-at="2019-09-18T12:12:32 IST" name="setup" finished-at="2019-09-18T12:12:45 IST" duration-ms="12830" status="PASS">
          <reporter-output>
          </reporter-output>
        </test-method> <!-- setup -->
        <test-method signature="clickOnDiagnostics()[pri:1, instance:com.atmecs.practo.testscripts.RemoveFromCart@17c1bced]" started-at="2019-09-18T12:12:45 IST" name="clickOnDiagnostics" finished-at="2019-09-18T12:13:18 IST" duration-ms="32412" status="PASS">
          <reporter-output>
          </reporter-output>
        </test-method> <!-- clickOnDiagnostics -->
        <test-method signature="validateAfterAdd()[pri:2, instance:com.atmecs.practo.testscripts.RemoveFromCart@17c1bced]" started-at="2019-09-18T12:13:18 IST" name="validateAfterAdd" finished-at="2019-09-18T12:13:18 IST" duration-ms="567" status="PASS">
          <reporter-output>
          </reporter-output>
        </test-method> <!-- validateAfterAdd -->
        <test-method signature="cartAfterRemovalOfSample()[pri:3, instance:com.atmecs.practo.testscripts.RemoveFromCart@17c1bced]" started-at="2019-09-18T12:13:18 IST" name="cartAfterRemovalOfSample" finished-at="2019-09-18T12:13:23 IST" duration-ms="5150" status="PASS">
          <reporter-output>
          </reporter-output>
        </test-method> <!-- cartAfterRemovalOfSample -->
        <test-method signature="validateCartAfterRemoval()[pri:4, instance:com.atmecs.practo.testscripts.RemoveFromCart@17c1bced]" started-at="2019-09-18T12:13:23 IST" name="validateCartAfterRemoval" finished-at="2019-09-18T12:13:24 IST" duration-ms="196" status="PASS">
          <reporter-output>
          </reporter-output>
        </test-method> <!-- validateCartAfterRemoval -->
      </class> <!-- com.atmecs.practo.testscripts.RemoveFromCart -->
    </test> <!-- Test -->
  </suite> <!-- Suite -->
  <suite started-at="2019-09-18T12:13:24 IST" name="Practo" finished-at="2019-09-18T12:13:24 IST" duration-ms="0">
    <groups>
    </groups>
  </suite> <!-- Practo -->
</testng-results>
