<?xml version="1.0" encoding="UTF-8"?>
<!-- Generated by org.testng.reporters.JUnitXMLReporter -->
<testsuite ignored="0" hostname="ATMECSINDT-080" failures="0" tests="4" name="Test" time="38.373" errors="0" timestamp="2019-09-18T12:13:24 IST">
  <testcase classname="com.atmecs.practo.testscripts.AddToCart" name="clickOnDiagnostics" time="32.412"/>
  <testcase classname="com.atmecs.practo.testscripts.AddToCart" name="validateAfterAdd" time="0.567"/>
  <testcase classname="com.atmecs.practo.testscripts.RemoveFromCart" name="cartAfterRemovalOfSample" time="5.15"/>
  <testcase classname="com.atmecs.practo.testscripts.RemoveFromCart" name="validateCartAfterRemoval" time="0.196"/>
</testsuite> <!-- Test -->
